<?xml version="1.0" encoding="UTF-8"?>
<!-- Generated by org.testng.reporters.JUnitReportReporter -->
<testsuite hostname="LAPTOP-2MRM6MV3" failures="0" tests="2" name="org.AzureChildModule2.TestNGBasics" time="23.809" errors="0" timestamp="2022-04-23T21:58:35 IST" skipped="0">
  <testcase classname="org.AzureChildModule2.TestNGBasics" name="test2" time="10.100"/>
  <system-out/>
  <testcase classname="org.AzureChildModule2.TestNGBasics" name="test1" time="13.709"/>
  <system-out/>
</testsuite> <!-- org.AzureChildModule2.TestNGBasics -->
