<?xml version="1.0" encoding="UTF-8"?>
<!-- Generated by org.testng.reporters.JUnitReportReporter -->
<testsuite hostname="LAPTOP-2MRM6MV3" failures="0" tests="2" name="org.AzureChildModule2.TestNGBasics" time="22.029" errors="0" timestamp="2022-04-23T22:07:52 IST" skipped="0">
  <testcase classname="org.AzureChildModule2.TestNGBasics" name="test2" time="11.041"/>
  <system-out/>
  <testcase classname="org.AzureChildModule2.TestNGBasics" name="test1" time="10.988"/>
  <system-out/>
</testsuite> <!-- org.AzureChildModule2.TestNGBasics -->
