<?xml version="1.0" encoding="UTF-8"?>
<!-- Generated by org.testng.reporters.JUnitReportReporter -->
<testsuite hostname="LAPTOP-2MRM6MV3" failures="0" tests="2" name="org.AzureChildModule3.TestNGBasics" time="24.229" errors="0" timestamp="2022-04-23T21:58:52 IST" skipped="0">
  <testcase classname="org.AzureChildModule3.TestNGBasics" name="test2" time="14.070"/>
  <system-out/>
  <testcase classname="org.AzureChildModule3.TestNGBasics" name="test1" time="10.159"/>
  <system-out/>
</testsuite> <!-- org.AzureChildModule3.TestNGBasics -->
