<?xml version="1.0" encoding="UTF-8"?>
<!-- Generated by org.testng.reporters.JUnitReportReporter -->
<testsuite hostname="LAPTOP-2MRM6MV3" failures="0" tests="1" name="org.AzureChildModule3.AppTest" time="0.018" errors="0" timestamp="2022-04-23T19:59:15 IST" skipped="0">
  <testcase classname="org.AzureChildModule3.AppTest" name="testApp" time="0.018"/>
  <system-out/>
</testsuite> <!-- org.AzureChildModule3.AppTest -->
