<?xml version="1.0" encoding="UTF-8"?>
<!-- Generated by org.testng.reporters.JUnitReportReporter -->
<testsuite hostname="LAPTOP-2MRM6MV3" failures="0" tests="2" name="org.AzureChilldModule.TestNGBasics" time="24.849" errors="0" timestamp="2022-04-23T21:58:20 IST" skipped="0">
  <testcase classname="org.AzureChilldModule.TestNGBasics" name="test2" time="12.452"/>
  <system-out/>
  <testcase classname="org.AzureChilldModule.TestNGBasics" name="test1" time="12.397"/>
  <system-out/>
</testsuite> <!-- org.AzureChilldModule.TestNGBasics -->
